c:\users\taighe.warner\desktop\checkers\debug\vc120.pdb
c:\users\taighe.warner\desktop\checkers\debug\vc120.idb
c:\users\taighe.warner\desktop\checkers\debug\ai.obj
c:\users\taighe.warner\desktop\checkers\debug\baseapp.obj
c:\users\taighe.warner\desktop\checkers\debug\basecamera.obj
c:\users\taighe.warner\desktop\checkers\debug\piece.obj
c:\users\taighe.warner\desktop\checkers\debug\flycamera.obj
c:\users\taighe.warner\desktop\checkers\debug\game.obj
c:\users\taighe.warner\desktop\checkers\debug\gizmos.obj
c:\users\taighe.warner\desktop\checkers\debug\main.obj
c:\users\taighe.warner\desktop\checkers\debug\source.obj
c:\users\taighe.warner\desktop\checkers\debug\tweakbar.obj
c:\users\taighe.warner\desktop\checkers\debug\utility.obj
c:\users\taighe.warner\desktop\checkers\debug\gl_core_4_4.obj
c:\users\taighe.warner\desktop\checkers\debug\openglproject.ilk
c:\users\taighe.warner\desktop\checkers\debug\openglproject.exe
c:\users\taighe.warner\desktop\checkers\debug\openglproject.pdb
c:\users\taighe.warner\desktop\checkers\debug\openglproject.tlog\cl.command.1.tlog
c:\users\taighe.warner\desktop\checkers\debug\openglproject.tlog\cl.read.1.tlog
c:\users\taighe.warner\desktop\checkers\debug\openglproject.tlog\cl.write.1.tlog
c:\users\taighe.warner\desktop\checkers\debug\openglproject.tlog\link.command.1.tlog
c:\users\taighe.warner\desktop\checkers\debug\openglproject.tlog\link.read.1.tlog
c:\users\taighe.warner\desktop\checkers\debug\openglproject.tlog\link.write.1.tlog
